Build started 01/06/2018 3:37:28.
     1>Project "C:\Users\Jesús\Desktop\github\Arkanoid.vcxproj" on node 2 (Build target(s)).
       Project file contains ToolsVersion="15.0". This toolset may be unknown or missing, in which case you may be able to resolve this by installing the appropriate version of MSBuild, or the build may have been forced to a particular ToolsVersion for policy reasons. Treating the project as if it had ToolsVersion="4.0". For more information, please see http://go.microsoft.com/fwlink/?LinkId=291333.
     1>ClCompile:
         C:\Program Files (x86)\Microsoft Visual Studio 11.0\VC\bin\CL.exe /c /Ilib /Isrc /ZI /nologo /W3 /WX- /Od /Oy- /D WIN32 /D _DEBUG /D _CONSOLE /D _UNICODE /D UNICODE /Gm /EHsc /RTC1 /MDd /GS /fp:precise /Zc:wchar_t /Zc:forScope /Fo"tmp\Debug\\" /Fd"tmp\Debug\vc110.pdb" /Gd /TP /analyze- /errorReport:prompt src\Interaccion.cpp
         Interaccion.cpp
       Link:
         C:\Program Files (x86)\Microsoft Visual Studio 11.0\VC\bin\link.exe /ERRORREPORT:PROMPT /OUT:"C:\Users\Jesús\Desktop\github\bin\Arkanoid.exe" /INCREMENTAL /NOLOGO /LIBPATH:lib kernel32.lib user32.lib gdi32.lib winspool.lib comdlg32.lib advapi32.lib shell32.lib ole32.lib oleaut32.lib uuid.lib odbc32.lib odbccp32.lib /MANIFEST /MANIFESTUAC:"level='asInvoker' uiAccess='false'" /manifest:embed /DEBUG /PDB:"C:\Users\Jesús\Desktop\github\bin\Arkanoid.pdb" /SUBSYSTEM:CONSOLE /TLBID:1 /DYNAMICBASE /NXCOMPAT /IMPLIB:"C:\Users\Jesús\Desktop\github\bin\Arkanoid.lib" /MACHINE:X86 tmp\Debug\Barra.obj
         tmp\Debug\Bordes.obj
         tmp\Debug\Coordinador.obj
         tmp\Debug\Esfera.obj
         tmp\Debug\Interaccion.obj
         tmp\Debug\Jugador.obj
         tmp\Debug\Ladrillos.obj
         tmp\Debug\ListaDisparos.obj
         tmp\Debug\ListaLadrillos.obj
         tmp\Debug\Mundo.obj
         tmp\Debug\Arkanoid.obj
         tmp\Debug\Objeto.obj
         tmp\Debug\ObjetoMovil.obj
         tmp\Debug\Pared.obj
         tmp\Debug\Vector2D.obj
         Arkanoid.vcxproj -> C:\Users\Jesús\Desktop\github\bin\Arkanoid.exe
     1>Done Building Project "C:\Users\Jesús\Desktop\github\Arkanoid.vcxproj" (Build target(s)).

Build succeeded.

Time Elapsed 00:00:01.01
